<?xml version="1.0" encoding="UTF-8"?>
<testsuite xmlns:xsi="http://www.w3.org/2001/XMLSchema-instance" xsi:noNamespaceSchemaLocation="https://maven.apache.org/surefire/maven-surefire-plugin/xsd/surefire-test-report-3.0.xsd" version="3.0" name="com.Mssql.PushPullApp.PushPullAppApplicationTests" time="5.762" tests="1" errors="0" skipped="0" failures="0">
  <properties>
[...]
</properties>
  <testcase name="contextLoads" classname="com.Mssql.PushPullApp.PushPullAppApplicationTests" time="0.691">
    <system-out><![CDATA[14:46:05.471 [main] INFO org.springframework.test.context.support.AnnotationConfigContextLoaderUtils -- Could not detect default configuration classes for test class [com.Mssql.PushPullApp.PushPullAppApplicationTests]: PushPullAppApplicationTests does not declare any static, non-private, non-final, nested classes annotated with @Configuration.
14:46:05.604 [main] INFO org.springframework.boot.test.context.SpringBootTestContextBootstrapper -- Found @SpringBootConfiguration com.Mssql.PushPullApp.PushPullAppApplication for test class com.Mssql.PushPullApp.PushPullAppApplicationTests
  .   ____          _            __ _ _
 /\\ / ___'_ __ _ _(_)_ __  __ _ \ \ \ \
( ( )\___ | '_ | '_| | '_ \/ _` | \ \ \ \
 \\/  ___)| |_)| | | | | || (_| |  ) ) ) )
  '  |____| .__|_| |_|_| |_\__, | / / / /
 =========|_|==============|___/=/_/_/_/

 :: Spring Boot ::                (v3.3.0)

2024-06-10T14:46:06.085+05:30  INFO 24763 --- [PushPullApp] [           main] c.M.P.PushPullAppApplicationTests        : Starting PushPullAppApplicationTests using Java 21.0.3 with PID 24763 (started by ts-rajat.b.sharma in /Users/ts-rajat.b.sharma/CodesAndRepos/PushPullApp)
2024-06-10T14:46:06.087+05:30  INFO 24763 --- [PushPullApp] [           main] c.M.P.PushPullAppApplicationTests        : No active profile set, falling back to 1 default profile: "default"
2024-06-10T14:46:06.782+05:30  INFO 24763 --- [PushPullApp] [           main] .s.d.r.c.RepositoryConfigurationDelegate : Bootstrapping Spring Data JPA repositories in DEFAULT mode.
2024-06-10T14:46:06.847+05:30  INFO 24763 --- [PushPullApp] [           main] .s.d.r.c.RepositoryConfigurationDelegate : Finished Spring Data repository scanning in 55 ms. Found 1 JPA repository interface.
2024-06-10T14:46:07.410+05:30  INFO 24763 --- [PushPullApp] [           main] o.hibernate.jpa.internal.util.LogHelper  : HHH000204: Processing PersistenceUnitInfo [name: default]
2024-06-10T14:46:07.481+05:30  INFO 24763 --- [PushPullApp] [           main] org.hibernate.Version                    : HHH000412: Hibernate ORM core version 6.5.2.Final
2024-06-10T14:46:07.522+05:30  INFO 24763 --- [PushPullApp] [           main] o.h.c.internal.RegionFactoryInitiator    : HHH000026: Second-level cache disabled
2024-06-10T14:46:07.885+05:30  INFO 24763 --- [PushPullApp] [           main] o.s.o.j.p.SpringPersistenceUnitInfo      : No LoadTimeWeaver setup: ignoring JPA class transformer
2024-06-10T14:46:07.917+05:30  INFO 24763 --- [PushPullApp] [           main] com.zaxxer.hikari.HikariDataSource       : HikariPool-1 - Starting...
2024-06-10T14:46:08.417+05:30  INFO 24763 --- [PushPullApp] [           main] com.zaxxer.hikari.pool.HikariPool        : HikariPool-1 - Added connection ConnectionID:1 ClientConnectionId: ea0039ff-0fe2-4dc9-83f1-8fa976b9ebc9
2024-06-10T14:46:08.418+05:30  INFO 24763 --- [PushPullApp] [           main] com.zaxxer.hikari.HikariDataSource       : HikariPool-1 - Start completed.
2024-06-10T14:46:08.449+05:30  WARN 24763 --- [PushPullApp] [           main] org.hibernate.orm.deprecation            : HHH90000025: SQLServer2012Dialect does not need to be specified explicitly using 'hibernate.dialect' (remove the property setting and it will be selected by default)
2024-06-10T14:46:08.450+05:30  WARN 24763 --- [PushPullApp] [           main] org.hibernate.orm.deprecation            : HHH90000026: SQLServer2012Dialect has been deprecated; use org.hibernate.dialect.SQLServerDialect instead
2024-06-10T14:46:09.337+05:30  INFO 24763 --- [PushPullApp] [           main] o.h.e.t.j.p.i.JtaPlatformInitiator       : HHH000489: No JTA platform available (set 'hibernate.transaction.jta.platform' to enable JTA platform integration)
2024-06-10T14:46:09.417+05:30  INFO 24763 --- [PushPullApp] [           main] j.LocalContainerEntityManagerFactoryBean : Initialized JPA EntityManagerFactory for persistence unit 'default'
2024-06-10T14:46:09.874+05:30  WARN 24763 --- [PushPullApp] [           main] JpaBaseConfiguration$JpaWebConfiguration : spring.jpa.open-in-view is enabled by default. Therefore, database queries may be performed during view rendering. Explicitly configure spring.jpa.open-in-view to disable this warning
2024-06-10T14:46:10.289+05:30  INFO 24763 --- [PushPullApp] [           main] c.M.P.PushPullAppApplicationTests        : Started PushPullAppApplicationTests in 4.503 seconds (process running for 5.688)
]]></system-out>
    <system-err><![CDATA[WARNING: A Java agent has been loaded dynamically (/Users/ts-rajat.b.sharma/.m2/repository/net/bytebuddy/byte-buddy-agent/1.14.16/byte-buddy-agent-1.14.16.jar)
WARNING: If a serviceability tool is in use, please run with -XX:+EnableDynamicAgentLoading to hide this warning
WARNING: If a serviceability tool is not in use, please run with -Djdk.instrument.traceUsage for more information
WARNING: Dynamic loading of agents will be disallowed by default in a future release
]]></system-err>
  </testcase>
</testsuite>